<?xml version="1.0" encoding="utf-8"?><testsuites name="pytest tests"><testsuite name="pytest" errors="0" failures="0" skipped="0" tests="10" time="1.494" timestamp="2026-08-23T15:37:10.200933+00:00" hostname="agent-env-6d4c28ce-19c5-4cd7-9f20-d5fd49755756"><testcase classname="tests.backend_test.TestContactCreate" name="test_create_and_persist" time="0.483" /><testcase classname="tests.backend_test.TestContactValidation" name="test_invalid_returns_422[payload0]" time="0.232" /><testcase classname="tests.backend_test.TestContactValidation" name="test_invalid_returns_422[payload1]" time="0.060" /><testcase classname="tests.backend_test.TestContactValidation" name="test_invalid_returns_422[payload2]" time="0.062" /><testcase classname="tests.backend_test.TestContactValidation" name="test_invalid_returns_422[payload3]" time="0.058" /><testcase classname="tests.backend_test.TestContactValidation" name="test_invalid_returns_422[payload4]" time="0.066" /><testcase classname="tests.backend_test.TestContactValidation" name="test_invalid_returns_422[payload5]" time="0.055" /><testcase classname="tests.backend_test.TestContactCreate" name="test_optional_business_defaults_empty" time="0.323" /><testcase classname="tests.backend_test.TestContactCount" name="test_count_increments_and_no_pii_listing" time="0.466" /><testcase classname="tests.backend_test.TestRoot" name="test_root" time="0.059" /></testsuite></testsuites>