<?xml version="1.0" encoding="utf-8"?><testsuites name="pytest tests"><testsuite name="pytest" errors="0" failures="0" skipped="0" tests="10" time="2.038" timestamp="2026-08-23T01:25:12.077435+00:00" hostname="agent-env-6d4c28ce-19c5-4cd7-9f20-d5fd49755756"><testcase classname="tests.backend_test.TestContactValidation" name="test_invalid_returns_422[payload0]" time="0.273" /><testcase classname="tests.backend_test.TestContactCreate" name="test_create_and_persist" time="0.959" /><testcase classname="tests.backend_test.TestContactValidation" name="test_invalid_returns_422[payload1]" time="0.109" /><testcase classname="tests.backend_test.TestContactValidation" name="test_invalid_returns_422[payload2]" time="0.047" /><testcase classname="tests.backend_test.TestContactValidation" name="test_invalid_returns_422[payload3]" time="0.051" /><testcase classname="tests.backend_test.TestContactValidation" name="test_invalid_returns_422[payload4]" time="0.048" /><testcase classname="tests.backend_test.TestContactValidation" name="test_invalid_returns_422[payload5]" time="0.047" /><testcase classname="tests.backend_test.TestContactList" name="test_list_sorted_desc_and_no_mongo_id" time="0.057" /><testcase classname="tests.backend_test.TestContactCreate" name="test_optional_business_defaults_empty" time="0.338" /><testcase classname="tests.backend_test.TestRoot" name="test_root" time="0.057" /></testsuite></testsuites>