<?xml version="1.0" encoding="utf-8"?><testsuites name="pytest tests"><testsuite name="pytest" errors="0" failures="0" skipped="0" tests="16" time="3.804" timestamp="2026-08-25T11:56:27.841712+00:00" hostname="agent-env-0dc4ff19-865d-4c23-b101-36fd7f85695a"><testcase classname="tests.test_studio_admin.TestStudioAdmin" name="test_root" time="0.281" /><testcase classname="tests.test_studio_admin.TestStudioAdmin" name="test_public_content" time="0.062" /><testcase classname="tests.test_studio_admin.TestStudioAdmin" name="test_login_wrong_password" time="0.278" /><testcase classname="tests.test_studio_admin.TestStudioAdmin" name="test_session_requires_token" time="0.046" /><testcase classname="tests.test_studio_admin.TestStudioAdmin" name="test_session_ok" time="0.352" /><testcase classname="tests.test_studio_admin.TestStudioAdmin" name="test_draft_save_dirty_and_discard" time="0.371" /><testcase classname="tests.test_studio_admin.TestStudioAdmin" name="test_admin_content_bad_stage" time="0.061" /><testcase classname="tests.test_studio_admin.TestStudioAdmin" name="test_save_empty_draft_rejected" time="0.061" /><testcase classname="tests.test_studio_admin.TestStudioAdmin" name="test_published_stage" time="0.082" /><testcase classname="tests.test_studio_admin.TestStudioAdmin" name="test_publish_roundtrip" time="0.561" /><testcase classname="tests.test_studio_admin.TestStudioAdmin" name="test_overview" time="0.075" /><testcase classname="tests.test_studio_admin.TestStudioAdmin" name="test_revisions" time="0.054" /><testcase classname="tests.test_studio_admin.TestStudioAdmin" name="test_contacts" time="0.057" /><testcase classname="tests.test_studio_admin.TestStudioAdmin" name="test_media_lifecycle" time="0.415" /><testcase classname="tests.test_studio_admin.TestStudioAdmin" name="test_media_bad_file" time="0.125" /><testcase classname="tests.test_studio_admin.TestStudioAdmin" name="test_contact_post" time="0.360" /></testsuite></testsuites>